Arguments: 
  /usr/local/bin/node /usr/local/Cellar/yarn/1.5.1_1/libexec/bin/yarn.js test

PATH: 
  /usr/local/bin:/usr/bin:/bin:/usr/sbin:/sbin

Yarn version: 
  1.5.1

Node version: 
  8.10.0

Platform: 
  darwin x64

npm manifest: 
  {
    "name": "tdl-warmup",
    "version": "0.0.1",
    "description": "Warmup code to bootstrap the challenge",
    "scripts": {
      "start": "node ./lib/send_command_to_server.js",
      "test": "mocha --recursive"
    },
    "repository": {
      "type": "git",
      "url": "git+https://github.com/julianghionoiu/tdl-warmup.git"
    },
    "dependencies": {
      "properties-reader": "0.0.15",
      "tdl-client": "^0.20.4",
      "unirest": "0.5.1"
    },
    "devDependencies": {
      "chai": "^4.1.2",
      "mocha": "^5.0.5",
      "nodeunit": "~0.9.1"
    },
    "engines": {
      "node": ">=5.6.0",
      "npm": ">=3.6.0"
    },
    "keywords": [
      "tdl",
      "befaster"
    ],
    "author": "Julian Ghionoiu",
    "license": "Apache-2.0",
    "bugs": {
      "url": "https://github.com/julianghionoiu/tdl-warmup/issues"
    },
    "homepage": "https://github.com/julianghionoiu/tdl-warmup#readme"
  }

yarn manifest: 
  No manifest

Lockfile: 
  No lockfile

Trace: 
  Error: Command failed.
  Exit code: 2
  Command: sh
  Arguments: -c mocha --recursive
  Directory: /Users/srdjanmiletic/Documents/tdl-runner-nodejs
  Output:
  
      at ProcessTermError.MessageError (/usr/local/Cellar/yarn/1.5.1_1/libexec/lib/cli.js:186:110)
      at new ProcessTermError (/usr/local/Cellar/yarn/1.5.1_1/libexec/lib/cli.js:226:113)
      at ChildProcess.<anonymous> (/usr/local/Cellar/yarn/1.5.1_1/libexec/lib/cli.js:30281:17)
      at emitTwo (events.js:126:13)
      at ChildProcess.emit (events.js:214:7)
      at maybeClose (internal/child_process.js:925:16)
      at Process.ChildProcess._handle.onexit (internal/child_process.js:209:5)
